Arguments: 
  C:\Program Files\nodejs\node.exe C:\Users\Chip\AppData\Roaming\npm\node_modules\yarn\bin\yarn.js install

PATH: 
  C:\Program Files\Eclipse Adoptium\jdk-11.0.16.101-hotspot\bin;C:\WINDOWS\system32;C:\WINDOWS;C:\WINDOWS\System32\Wbem;C:\WINDOWS\System32\WindowsPowerShell\v1.0\;C:\WINDOWS\System32\OpenSSH\;C:\Program Files\Git\cmd;C:\Program Files\PuTTY\;C:\Program Files\Docker\Docker\resources\bin;C:\ProgramData\DockerDesktop\version-bin;C:\Program Files\nodejs\;C:\Program Files\Cloudflare\Cloudflare WARP\;C:\Users\Chip\AppData\Local\Microsoft\WindowsApps;;C:\Users\Chip\AppData\Local\Programs\Microsoft VS Code\bin;C:\Users\Chip\AppData\Roaming\npm

Yarn version: 
  1.22.19

Node version: 
  16.18.0

Platform: 
  win32 x64

Trace: 
  SyntaxError: C:\Users\Chip\projects\voc2023\OminChannelConsumerService\package.json: Unexpected token } in JSON at position 763
      at JSON.parse (<anonymous>)
      at C:\Users\Chip\AppData\Roaming\npm\node_modules\yarn\lib\cli.js:1629:59
      at Generator.next (<anonymous>)
      at step (C:\Users\Chip\AppData\Roaming\npm\node_modules\yarn\lib\cli.js:310:30)
      at C:\Users\Chip\AppData\Roaming\npm\node_modules\yarn\lib\cli.js:321:13

npm manifest: 
  {
    "name": "OmiChannelConsumerService",
    "version": "1.0.0",
    "author": "thongbn",
    "license": "MIT",
    "scripts": {
      "start": "yarn run prod",
      "server": "node ./dist/server.js",
      "transpile": "babel ./server --out-dir dist",
      "clean": "rimraf dist",
      "build": "npm-run-all clean transpile",
      "dev": "npm-run-all build server",
      "prod": "npm-run-all build server",
      "watch:dev": "nodemon",
      "migrate-db": "sequelize-cli db:migrate"
    },
    "dependencies": {
      "debug": "~2.6.9",
      "dotenv": "^16.0.2",
      "kafkajs": "^2.2.3",
      "mariadb": "^3.0.1",
      "md5": "^2.3.0",
      "node-worker-threads-pool": "^1.5.1",
      "npm-run-all": "^4.1.5",
      "redis": "^4.3.1",
      "sequelize": "^6.23.0",
      "sequelize-cli": "^6.4.1",
    },
    "devDependencies": {
      "@babel/cli": "^7.18.10",
      "@babel/core": "^7.19.1",
      "@babel/preset-env": "^7.19.1",
      "nodemon": "^2.0.20"
    },
    "babel": {
      "presets": [
        "@babel/preset-env"
      ],
      "sourceMaps": "inline"
    }
  }

yarn manifest: 
  No manifest

Lockfile: 
  # THIS IS AN AUTOGENERATED FILE. DO NOT EDIT THIS FILE DIRECTLY.
  # yarn lockfile v1
